<?xml version="1.0" encoding="UTF-8"?>
<!-- Generated by org.testng.reporters.JUnitXMLReporter -->
<testsuite hostname="LAPTOP-H0NIDIB9" ignored="0" name="BankingApp Test" tests="2" failures="1" timestamp="13 Mar 2020 04:57:54 GMT" time="40.017" errors="0">
  <testcase name="loginTest" time="6.432" classname="com.seleniumjava.testcases.TC_LoginTest_001"/>
  <testcase name="loginTest" time="6.637" classname="com.seleniumjava.testcases.TC_LoginTest_001">
    <failure type="java.lang.NullPointerException">
      <![CDATA[java.lang.NullPointerException
at com.seleniumjava.utilities.Reporting.onTestSuccess(Reporting.java:59)
... Removed 22 stack frames]]>
    </failure>
  </testcase> <!-- loginTest -->
</testsuite> <!-- BankingApp Test -->
