<?xml version="1.0" encoding="UTF-8"?>
<testng-results skipped="0" failed="0" ignored="0" total="1" passed="1">
  <reporter-output>
  </reporter-output>
  <suite name="SeleniumJava" duration-ms="30016" started-at="2020-03-11T09:11:44Z" finished-at="2020-03-11T09:12:14Z">
    <groups>
    </groups>
    <test name="BankingApp Test" duration-ms="30016" started-at="2020-03-11T09:11:44Z" finished-at="2020-03-11T09:12:14Z">
      <class name="com.seleniumjava.testcases.TC_LoginTest_001">
        <test-method status="PASS" signature="setup(java.lang.String)[pri:0, instance:com.seleniumjava.testcases.TC_LoginTest_001@7920ba90]" name="setup" is-config="true" duration-ms="20654" started-at="2020-03-11T09:11:44Z" finished-at="2020-03-11T09:12:04Z">
          <params>
            <param index="0">
              <value>
                <![CDATA[chrome]]>
              </value>
            </param>
          </params>
          <reporter-output>
          </reporter-output>
        </test-method> <!-- setup -->
        <test-method status="PASS" signature="loginTest()[pri:0, instance:com.seleniumjava.testcases.TC_LoginTest_001@7920ba90]" name="loginTest" duration-ms="7102" started-at="2020-03-11T09:12:04Z" finished-at="2020-03-11T09:12:12Z">
          <reporter-output>
          </reporter-output>
        </test-method> <!-- loginTest -->
        <test-method status="PASS" signature="trearDown()[pri:0, instance:com.seleniumjava.testcases.TC_LoginTest_001@7920ba90]" name="trearDown" is-config="true" duration-ms="2183" started-at="2020-03-11T09:12:12Z" finished-at="2020-03-11T09:12:14Z">
          <reporter-output>
          </reporter-output>
        </test-method> <!-- trearDown -->
      </class> <!-- com.seleniumjava.testcases.TC_LoginTest_001 -->
    </test> <!-- BankingApp Test -->
  </suite> <!-- SeleniumJava -->
</testng-results>
